# Logfile created on 2014-02-24 13:07:53 -0500 by logger.rb/44203
I, [2014-02-24T13:07:53.464531 #12261]  INFO -- : 0:  rake (10.1.1) from /Users/andrewaldaya/.rvm/gems/ruby-2.1.0/specifications/rake-10.1.1.gemspec
I, [2014-02-24T13:07:53.464937 #12261]  INFO -- : 0:  i18n (0.6.9) from /Users/andrewaldaya/.rvm/gems/ruby-2.1.0/specifications/i18n-0.6.9.gemspec
I, [2014-02-24T13:07:53.465255 #12261]  INFO -- : 0:  minitest (4.7.5) from /Users/andrewaldaya/.rvm/rubies/ruby-2.1.0/lib/ruby/gems/2.1.0/specifications/default/minitest-4.7.5.gemspec
I, [2014-02-24T13:07:53.465565 #12261]  INFO -- : 0:  multi_json (1.8.4) from /Users/andrewaldaya/.rvm/gems/ruby-2.1.0/specifications/multi_json-1.8.4.gemspec
I, [2014-02-24T13:07:53.465875 #12261]  INFO -- : 0:  atomic (1.1.14) from /Users/andrewaldaya/.rvm/gems/ruby-2.1.0/specifications/atomic-1.1.14.gemspec
I, [2014-02-24T13:07:53.466171 #12261]  INFO -- : 0:  thread_safe (0.1.3) from /Users/andrewaldaya/.rvm/gems/ruby-2.1.0/specifications/thread_safe-0.1.3.gemspec
I, [2014-02-24T13:07:53.466458 #12261]  INFO -- : 0:  tzinfo (0.3.38) from /Users/andrewaldaya/.rvm/gems/ruby-2.1.0/specifications/tzinfo-0.3.38.gemspec
I, [2014-02-24T13:07:53.466749 #12261]  INFO -- : 0:  activesupport (4.0.3) from /Users/andrewaldaya/.rvm/gems/ruby-2.1.0/specifications/activesupport-4.0.3.gemspec
I, [2014-02-24T13:07:53.467059 #12261]  INFO -- : 0:  builder (3.1.4) from /Users/andrewaldaya/.rvm/gems/ruby-2.1.0/specifications/builder-3.1.4.gemspec
I, [2014-02-24T13:07:53.467334 #12261]  INFO -- : 0:  erubis (2.7.0) from /Users/andrewaldaya/.rvm/gems/ruby-2.1.0/specifications/erubis-2.7.0.gemspec
I, [2014-02-24T13:07:53.467638 #12261]  INFO -- : 0:  rack (1.5.2) from /Users/andrewaldaya/.rvm/gems/ruby-2.1.0/specifications/rack-1.5.2.gemspec
I, [2014-02-24T13:07:53.467931 #12261]  INFO -- : 0:  rack-test (0.6.2) from /Users/andrewaldaya/.rvm/gems/ruby-2.1.0/specifications/rack-test-0.6.2.gemspec
I, [2014-02-24T13:07:53.468245 #12261]  INFO -- : 0:  actionpack (4.0.3) from /Users/andrewaldaya/.rvm/gems/ruby-2.1.0/specifications/actionpack-4.0.3.gemspec
I, [2014-02-24T13:07:53.468537 #12261]  INFO -- : 0:  mime-types (1.25.1) from /Users/andrewaldaya/.rvm/gems/ruby-2.1.0/specifications/mime-types-1.25.1.gemspec
I, [2014-02-24T13:07:53.468859 #12261]  INFO -- : 0:  polyglot (0.3.4) from /Users/andrewaldaya/.rvm/gems/ruby-2.1.0/specifications/polyglot-0.3.4.gemspec
I, [2014-02-24T13:07:53.469154 #12261]  INFO -- : 0:  treetop (1.4.15) from /Users/andrewaldaya/.rvm/gems/ruby-2.1.0/specifications/treetop-1.4.15.gemspec
I, [2014-02-24T13:07:53.469452 #12261]  INFO -- : 0:  mail (2.5.4) from /Users/andrewaldaya/.rvm/gems/ruby-2.1.0/specifications/mail-2.5.4.gemspec
I, [2014-02-24T13:07:53.469747 #12261]  INFO -- : 0:  actionmailer (4.0.3) from /Users/andrewaldaya/.rvm/gems/ruby-2.1.0/specifications/actionmailer-4.0.3.gemspec
I, [2014-02-24T13:07:53.470026 #12261]  INFO -- : 0:  activemodel (4.0.3) from /Users/andrewaldaya/.rvm/gems/ruby-2.1.0/specifications/activemodel-4.0.3.gemspec
I, [2014-02-24T13:07:53.470321 #12261]  INFO -- : 0:  activerecord-deprecated_finders (1.0.3) from /Users/andrewaldaya/.rvm/gems/ruby-2.1.0/specifications/activerecord-deprecated_finders-1.0.3.gemspec
I, [2014-02-24T13:07:53.470603 #12261]  INFO -- : 0:  arel (4.0.2) from /Users/andrewaldaya/.rvm/gems/ruby-2.1.0/specifications/arel-4.0.2.gemspec
I, [2014-02-24T13:07:53.470929 #12261]  INFO -- : 0:  activerecord (4.0.3) from /Users/andrewaldaya/.rvm/gems/ruby-2.1.0/specifications/activerecord-4.0.3.gemspec
I, [2014-02-24T13:07:53.471201 #12261]  INFO -- : 0:  bundler (1.5.1) from /Users/andrewaldaya/.rvm/gems/ruby-2.1.0@global/specifications/bundler-1.5.1.gemspec
I, [2014-02-24T13:07:53.471521 #12261]  INFO -- : 0:  coffee-script-source (1.7.0) from /Users/andrewaldaya/.rvm/gems/ruby-2.1.0/specifications/coffee-script-source-1.7.0.gemspec
I, [2014-02-24T13:07:53.471813 #12261]  INFO -- : 0:  execjs (2.0.2) from /Users/andrewaldaya/.rvm/gems/ruby-2.1.0/specifications/execjs-2.0.2.gemspec
I, [2014-02-24T13:07:53.472106 #12261]  INFO -- : 0:  coffee-script (2.2.0) from /Users/andrewaldaya/.rvm/gems/ruby-2.1.0/specifications/coffee-script-2.2.0.gemspec
I, [2014-02-24T13:07:53.472436 #12261]  INFO -- : 0:  thor (0.18.1) from /Users/andrewaldaya/.rvm/gems/ruby-2.1.0/specifications/thor-0.18.1.gemspec
I, [2014-02-24T13:07:53.472715 #12261]  INFO -- : 0:  railties (4.0.3) from /Users/andrewaldaya/.rvm/gems/ruby-2.1.0/specifications/railties-4.0.3.gemspec
I, [2014-02-24T13:07:53.472987 #12261]  INFO -- : 0:  coffee-rails (4.0.1) from /Users/andrewaldaya/.rvm/gems/ruby-2.1.0/specifications/coffee-rails-4.0.1.gemspec
I, [2014-02-24T13:07:53.473267 #12261]  INFO -- : 0:  hike (1.2.3) from /Users/andrewaldaya/.rvm/gems/ruby-2.1.0/specifications/hike-1.2.3.gemspec
I, [2014-02-24T13:07:53.473539 #12261]  INFO -- : 0:  jbuilder (1.5.3) from /Users/andrewaldaya/.rvm/gems/ruby-2.1.0/specifications/jbuilder-1.5.3.gemspec
I, [2014-02-24T13:07:53.473809 #12261]  INFO -- : 0:  jquery-rails (3.1.0) from /Users/andrewaldaya/.rvm/gems/ruby-2.1.0/specifications/jquery-rails-3.1.0.gemspec
I, [2014-02-24T13:07:53.474074 #12261]  INFO -- : 0:  json (1.8.1) from /Users/andrewaldaya/.rvm/rubies/ruby-2.1.0/lib/ruby/gems/2.1.0/specifications/default/json-1.8.1.gemspec
I, [2014-02-24T13:07:53.474335 #12261]  INFO -- : 0:  tilt (1.4.1) from /Users/andrewaldaya/.rvm/gems/ruby-2.1.0/specifications/tilt-1.4.1.gemspec
I, [2014-02-24T13:07:53.474771 #12261]  INFO -- : 0:  sprockets (2.11.0) from /Users/andrewaldaya/.rvm/gems/ruby-2.1.0/specifications/sprockets-2.11.0.gemspec
I, [2014-02-24T13:07:53.475055 #12261]  INFO -- : 0:  sprockets-rails (2.0.1) from /Users/andrewaldaya/.rvm/gems/ruby-2.1.0/specifications/sprockets-rails-2.0.1.gemspec
I, [2014-02-24T13:07:53.475320 #12261]  INFO -- : 0:  rails (4.0.3) from /Users/andrewaldaya/.rvm/gems/ruby-2.1.0/specifications/rails-4.0.3.gemspec
I, [2014-02-24T13:07:53.475590 #12261]  INFO -- : 0:  rdoc (4.1.1) from /Users/andrewaldaya/.rvm/gems/ruby-2.1.0/specifications/rdoc-4.1.1.gemspec
I, [2014-02-24T13:07:53.475855 #12261]  INFO -- : 0:  sass (3.2.14) from /Users/andrewaldaya/.rvm/gems/ruby-2.1.0/specifications/sass-3.2.14.gemspec
I, [2014-02-24T13:07:53.476124 #12261]  INFO -- : 0:  sass-rails (4.0.1) from /Users/andrewaldaya/.rvm/gems/ruby-2.1.0/specifications/sass-rails-4.0.1.gemspec
I, [2014-02-24T13:07:53.476396 #12261]  INFO -- : 0:  sdoc (0.4.0) from /Users/andrewaldaya/.rvm/gems/ruby-2.1.0/specifications/sdoc-0.4.0.gemspec
I, [2014-02-24T13:07:53.476660 #12261]  INFO -- : 0:  sqlite3 (1.3.8) from /Users/andrewaldaya/.rvm/gems/ruby-2.1.0/specifications/sqlite3-1.3.8.gemspec
I, [2014-02-24T13:07:53.476926 #12261]  INFO -- : 0:  turbolinks (2.2.1) from /Users/andrewaldaya/.rvm/gems/ruby-2.1.0/specifications/turbolinks-2.2.1.gemspec
I, [2014-02-24T13:07:53.477203 #12261]  INFO -- : 0:  uglifier (2.4.0) from /Users/andrewaldaya/.rvm/gems/ruby-2.1.0/specifications/uglifier-2.4.0.gemspec
I, [2014-02-24T13:11:47.697104 #12282]  INFO -- : 0:  rake (10.1.1) from /Users/andrewaldaya/.rvm/gems/ruby-2.1.0/specifications/rake-10.1.1.gemspec
I, [2014-02-24T13:11:47.697569 #12282]  INFO -- : 0:  i18n (0.6.9) from /Users/andrewaldaya/.rvm/gems/ruby-2.1.0/specifications/i18n-0.6.9.gemspec
I, [2014-02-24T13:11:47.697920 #12282]  INFO -- : 0:  minitest (4.7.5) from /Users/andrewaldaya/.rvm/rubies/ruby-2.1.0/lib/ruby/gems/2.1.0/specifications/default/minitest-4.7.5.gemspec
I, [2014-02-24T13:11:47.698266 #12282]  INFO -- : 0:  multi_json (1.8.4) from /Users/andrewaldaya/.rvm/gems/ruby-2.1.0/specifications/multi_json-1.8.4.gemspec
I, [2014-02-24T13:11:47.698570 #12282]  INFO -- : 0:  atomic (1.1.14) from /Users/andrewaldaya/.rvm/gems/ruby-2.1.0/specifications/atomic-1.1.14.gemspec
I, [2014-02-24T13:11:47.698878 #12282]  INFO -- : 0:  thread_safe (0.1.3) from /Users/andrewaldaya/.rvm/gems/ruby-2.1.0/specifications/thread_safe-0.1.3.gemspec
I, [2014-02-24T13:11:47.699180 #12282]  INFO -- : 0:  tzinfo (0.3.38) from /Users/andrewaldaya/.rvm/gems/ruby-2.1.0/specifications/tzinfo-0.3.38.gemspec
I, [2014-02-24T13:11:47.699482 #12282]  INFO -- : 0:  activesupport (4.0.3) from /Users/andrewaldaya/.rvm/gems/ruby-2.1.0/specifications/activesupport-4.0.3.gemspec
I, [2014-02-24T13:11:47.699786 #12282]  INFO -- : 0:  builder (3.1.4) from /Users/andrewaldaya/.rvm/gems/ruby-2.1.0/specifications/builder-3.1.4.gemspec
I, [2014-02-24T13:11:47.700079 #12282]  INFO -- : 0:  erubis (2.7.0) from /Users/andrewaldaya/.rvm/gems/ruby-2.1.0/specifications/erubis-2.7.0.gemspec
I, [2014-02-24T13:11:47.700374 #12282]  INFO -- : 0:  rack (1.5.2) from /Users/andrewaldaya/.rvm/gems/ruby-2.1.0/specifications/rack-1.5.2.gemspec
I, [2014-02-24T13:11:47.700675 #12282]  INFO -- : 0:  rack-test (0.6.2) from /Users/andrewaldaya/.rvm/gems/ruby-2.1.0/specifications/rack-test-0.6.2.gemspec
I, [2014-02-24T13:11:47.700964 #12282]  INFO -- : 0:  actionpack (4.0.3) from /Users/andrewaldaya/.rvm/gems/ruby-2.1.0/specifications/actionpack-4.0.3.gemspec
I, [2014-02-24T13:11:47.701365 #12282]  INFO -- : 0:  mime-types (1.25.1) from /Users/andrewaldaya/.rvm/gems/ruby-2.1.0/specifications/mime-types-1.25.1.gemspec
I, [2014-02-24T13:11:47.702075 #12282]  INFO -- : 0:  polyglot (0.3.4) from /Users/andrewaldaya/.rvm/gems/ruby-2.1.0/specifications/polyglot-0.3.4.gemspec
I, [2014-02-24T13:11:47.702673 #12282]  INFO -- : 0:  treetop (1.4.15) from /Users/andrewaldaya/.rvm/gems/ruby-2.1.0/specifications/treetop-1.4.15.gemspec
I, [2014-02-24T13:11:47.703126 #12282]  INFO -- : 0:  mail (2.5.4) from /Users/andrewaldaya/.rvm/gems/ruby-2.1.0/specifications/mail-2.5.4.gemspec
I, [2014-02-24T13:11:47.703594 #12282]  INFO -- : 0:  actionmailer (4.0.3) from /Users/andrewaldaya/.rvm/gems/ruby-2.1.0/specifications/actionmailer-4.0.3.gemspec
I, [2014-02-24T13:11:47.704059 #12282]  INFO -- : 0:  activemodel (4.0.3) from /Users/andrewaldaya/.rvm/gems/ruby-2.1.0/specifications/activemodel-4.0.3.gemspec
I, [2014-02-24T13:11:47.704491 #12282]  INFO -- : 0:  activerecord-deprecated_finders (1.0.3) from /Users/andrewaldaya/.rvm/gems/ruby-2.1.0/specifications/activerecord-deprecated_finders-1.0.3.gemspec
I, [2014-02-24T13:11:47.704922 #12282]  INFO -- : 0:  arel (4.0.2) from /Users/andrewaldaya/.rvm/gems/ruby-2.1.0/specifications/arel-4.0.2.gemspec
I, [2014-02-24T13:11:47.705385 #12282]  INFO -- : 0:  activerecord (4.0.3) from /Users/andrewaldaya/.rvm/gems/ruby-2.1.0/specifications/activerecord-4.0.3.gemspec
I, [2014-02-24T13:11:47.705806 #12282]  INFO -- : 0:  bundler (1.5.1) from /Users/andrewaldaya/.rvm/gems/ruby-2.1.0@global/specifications/bundler-1.5.1.gemspec
I, [2014-02-24T13:11:51.146754 #12282]  INFO -- : 0:  mini_portile (0.5.2) from /Users/andrewaldaya/.rvm/gems/ruby-2.1.0/specifications/mini_portile-0.5.2.gemspec
I, [2014-02-24T13:13:27.199443 #12282]  INFO -- : 0:  nokogiri (1.6.1) from /Users/andrewaldaya/.rvm/gems/ruby-2.1.0/specifications/nokogiri-1.6.1.gemspec
I, [2014-02-24T13:13:28.357225 #12282]  INFO -- : 0:  xpath (2.0.0) from /Users/andrewaldaya/.rvm/gems/ruby-2.1.0/specifications/xpath-2.0.0.gemspec
I, [2014-02-24T13:13:30.010406 #12282]  INFO -- : 0:  capybara (2.1.0) from /Users/andrewaldaya/.rvm/gems/ruby-2.1.0/specifications/capybara-2.1.0.gemspec
I, [2014-02-24T13:13:47.635618 #12282]  INFO -- : 0:  ffi (1.9.3) from /Users/andrewaldaya/.rvm/gems/ruby-2.1.0/specifications/ffi-1.9.3.gemspec
I, [2014-02-24T13:13:48.986938 #12282]  INFO -- : 0:  childprocess (0.5.1) from /Users/andrewaldaya/.rvm/gems/ruby-2.1.0/specifications/childprocess-0.5.1.gemspec
I, [2014-02-24T13:13:48.987393 #12282]  INFO -- : 0:  coffee-script-source (1.7.0) from /Users/andrewaldaya/.rvm/gems/ruby-2.1.0/specifications/coffee-script-source-1.7.0.gemspec
I, [2014-02-24T13:13:48.987770 #12282]  INFO -- : 0:  execjs (2.0.2) from /Users/andrewaldaya/.rvm/gems/ruby-2.1.0/specifications/execjs-2.0.2.gemspec
I, [2014-02-24T13:13:48.988235 #12282]  INFO -- : 0:  coffee-script (2.2.0) from /Users/andrewaldaya/.rvm/gems/ruby-2.1.0/specifications/coffee-script-2.2.0.gemspec
I, [2014-02-24T13:13:48.988630 #12282]  INFO -- : 0:  thor (0.18.1) from /Users/andrewaldaya/.rvm/gems/ruby-2.1.0/specifications/thor-0.18.1.gemspec
I, [2014-02-24T13:13:48.989002 #12282]  INFO -- : 0:  railties (4.0.3) from /Users/andrewaldaya/.rvm/gems/ruby-2.1.0/specifications/railties-4.0.3.gemspec
I, [2014-02-24T13:13:48.989377 #12282]  INFO -- : 0:  coffee-rails (4.0.1) from /Users/andrewaldaya/.rvm/gems/ruby-2.1.0/specifications/coffee-rails-4.0.1.gemspec
I, [2014-02-24T13:13:49.670776 #12282]  INFO -- : 0:  diff-lcs (1.2.5) from /Users/andrewaldaya/.rvm/gems/ruby-2.1.0/specifications/diff-lcs-1.2.5.gemspec
I, [2014-02-24T13:13:49.671279 #12282]  INFO -- : 0:  hike (1.2.3) from /Users/andrewaldaya/.rvm/gems/ruby-2.1.0/specifications/hike-1.2.3.gemspec
I, [2014-02-24T13:13:49.671681 #12282]  INFO -- : 0:  jbuilder (1.0.2) from /Users/andrewaldaya/.rvm/gems/ruby-2.1.0/specifications/jbuilder-1.0.2.gemspec
I, [2014-02-24T13:13:49.673275 #12282]  INFO -- : 0:  jquery-rails (3.0.4) from /Users/andrewaldaya/.rvm/gems/ruby-2.1.0/specifications/jquery-rails-3.0.4.gemspec
I, [2014-02-24T13:13:49.673660 #12282]  INFO -- : 0:  json (1.8.1) from /Users/andrewaldaya/.rvm/rubies/ruby-2.1.0/lib/ruby/gems/2.1.0/specifications/default/json-1.8.1.gemspec
I, [2014-02-24T13:13:49.674024 #12282]  INFO -- : 0:  tilt (1.4.1) from /Users/andrewaldaya/.rvm/gems/ruby-2.1.0/specifications/tilt-1.4.1.gemspec
I, [2014-02-24T13:13:49.674422 #12282]  INFO -- : 0:  sprockets (2.11.0) from /Users/andrewaldaya/.rvm/gems/ruby-2.1.0/specifications/sprockets-2.11.0.gemspec
I, [2014-02-24T13:13:49.674834 #12282]  INFO -- : 0:  sprockets-rails (2.0.1) from /Users/andrewaldaya/.rvm/gems/ruby-2.1.0/specifications/sprockets-rails-2.0.1.gemspec
I, [2014-02-24T13:13:49.675225 #12282]  INFO -- : 0:  rails (4.0.3) from /Users/andrewaldaya/.rvm/gems/ruby-2.1.0/specifications/rails-4.0.3.gemspec
I, [2014-02-24T13:13:49.675600 #12282]  INFO -- : 0:  rdoc (3.12.2) from /Users/andrewaldaya/.rvm/gems/ruby-2.1.0/specifications/rdoc-3.12.2.gemspec
I, [2014-02-24T13:13:50.768850 #12282]  INFO -- : 0:  rspec-core (2.13.1) from /Users/andrewaldaya/.rvm/gems/ruby-2.1.0/specifications/rspec-core-2.13.1.gemspec
I, [2014-02-24T13:13:52.088774 #12282]  INFO -- : 0:  rspec-expectations (2.13.0) from /Users/andrewaldaya/.rvm/gems/ruby-2.1.0/specifications/rspec-expectations-2.13.0.gemspec
I, [2014-02-24T13:13:53.685403 #12282]  INFO -- : 0:  rspec-mocks (2.13.1) from /Users/andrewaldaya/.rvm/gems/ruby-2.1.0/specifications/rspec-mocks-2.13.1.gemspec
I, [2014-02-24T13:13:55.014515 #12282]  INFO -- : 0:  rspec-rails (2.13.1) from /Users/andrewaldaya/.rvm/gems/ruby-2.1.0/specifications/rspec-rails-2.13.1.gemspec
I, [2014-02-24T13:13:55.720460 #12282]  INFO -- : 0:  rubyzip (0.9.9) from /Users/andrewaldaya/.rvm/gems/ruby-2.1.0/specifications/rubyzip-0.9.9.gemspec
I, [2014-02-24T13:13:55.725856 #12282]  INFO -- : 0:  sass (3.2.14) from /Users/andrewaldaya/.rvm/gems/ruby-2.1.0/specifications/sass-3.2.14.gemspec
I, [2014-02-24T13:13:55.726642 #12282]  INFO -- : 0:  sass-rails (4.0.1) from /Users/andrewaldaya/.rvm/gems/ruby-2.1.0/specifications/sass-rails-4.0.1.gemspec
I, [2014-02-24T13:13:55.727022 #12282]  INFO -- : 0:  sdoc (0.3.20) from /Users/andrewaldaya/.rvm/gems/ruby-2.1.0/specifications/sdoc-0.3.20.gemspec
I, [2014-02-24T13:13:56.486528 #12282]  INFO -- : 0:  websocket (1.0.7) from /Users/andrewaldaya/.rvm/gems/ruby-2.1.0/specifications/websocket-1.0.7.gemspec
I, [2014-02-24T13:14:01.033586 #12282]  INFO -- : 0:  selenium-webdriver (2.35.1) from /Users/andrewaldaya/.rvm/gems/ruby-2.1.0/specifications/selenium-webdriver-2.35.1.gemspec
I, [2014-02-24T13:14:01.033979 #12282]  INFO -- : 0:  sqlite3 (1.3.8) from /Users/andrewaldaya/.rvm/gems/ruby-2.1.0/specifications/sqlite3-1.3.8.gemspec
I, [2014-02-24T13:14:01.034281 #12282]  INFO -- : 0:  turbolinks (1.1.1) from /Users/andrewaldaya/.rvm/gems/ruby-2.1.0/specifications/turbolinks-1.1.1.gemspec
I, [2014-02-24T13:14:01.034562 #12282]  INFO -- : 0:  uglifier (2.1.1) from /Users/andrewaldaya/.rvm/gems/ruby-2.1.0/specifications/uglifier-2.1.1.gemspec
I, [2014-02-24T13:14:36.232375 #30328]  INFO -- : 0:  rake (10.1.1) from /Users/andrewaldaya/.rvm/gems/ruby-2.1.0/specifications/rake-10.1.1.gemspec
I, [2014-02-24T13:14:36.232813 #30328]  INFO -- : 0:  i18n (0.6.9) from /Users/andrewaldaya/.rvm/gems/ruby-2.1.0/specifications/i18n-0.6.9.gemspec
I, [2014-02-24T13:14:36.233187 #30328]  INFO -- : 0:  minitest (4.7.5) from /Users/andrewaldaya/.rvm/rubies/ruby-2.1.0/lib/ruby/gems/2.1.0/specifications/default/minitest-4.7.5.gemspec
I, [2014-02-24T13:14:36.233524 #30328]  INFO -- : 0:  multi_json (1.8.4) from /Users/andrewaldaya/.rvm/gems/ruby-2.1.0/specifications/multi_json-1.8.4.gemspec
I, [2014-02-24T13:14:36.233822 #30328]  INFO -- : 0:  atomic (1.1.14) from /Users/andrewaldaya/.rvm/gems/ruby-2.1.0/specifications/atomic-1.1.14.gemspec
I, [2014-02-24T13:14:36.234117 #30328]  INFO -- : 0:  thread_safe (0.1.3) from /Users/andrewaldaya/.rvm/gems/ruby-2.1.0/specifications/thread_safe-0.1.3.gemspec
I, [2014-02-24T13:14:36.234410 #30328]  INFO -- : 0:  tzinfo (0.3.38) from /Users/andrewaldaya/.rvm/gems/ruby-2.1.0/specifications/tzinfo-0.3.38.gemspec
I, [2014-02-24T13:14:36.234723 #30328]  INFO -- : 0:  activesupport (4.0.3) from /Users/andrewaldaya/.rvm/gems/ruby-2.1.0/specifications/activesupport-4.0.3.gemspec
I, [2014-02-24T13:14:36.235009 #30328]  INFO -- : 0:  builder (3.1.4) from /Users/andrewaldaya/.rvm/gems/ruby-2.1.0/specifications/builder-3.1.4.gemspec
I, [2014-02-24T13:14:36.235303 #30328]  INFO -- : 0:  erubis (2.7.0) from /Users/andrewaldaya/.rvm/gems/ruby-2.1.0/specifications/erubis-2.7.0.gemspec
I, [2014-02-24T13:14:36.235593 #30328]  INFO -- : 0:  rack (1.5.2) from /Users/andrewaldaya/.rvm/gems/ruby-2.1.0/specifications/rack-1.5.2.gemspec
I, [2014-02-24T13:14:36.235888 #30328]  INFO -- : 0:  rack-test (0.6.2) from /Users/andrewaldaya/.rvm/gems/ruby-2.1.0/specifications/rack-test-0.6.2.gemspec
I, [2014-02-24T13:14:36.236176 #30328]  INFO -- : 0:  actionpack (4.0.3) from /Users/andrewaldaya/.rvm/gems/ruby-2.1.0/specifications/actionpack-4.0.3.gemspec
I, [2014-02-24T13:14:36.236469 #30328]  INFO -- : 0:  mime-types (1.25.1) from /Users/andrewaldaya/.rvm/gems/ruby-2.1.0/specifications/mime-types-1.25.1.gemspec
I, [2014-02-24T13:14:36.236767 #30328]  INFO -- : 0:  polyglot (0.3.4) from /Users/andrewaldaya/.rvm/gems/ruby-2.1.0/specifications/polyglot-0.3.4.gemspec
I, [2014-02-24T13:14:36.237047 #30328]  INFO -- : 0:  treetop (1.4.15) from /Users/andrewaldaya/.rvm/gems/ruby-2.1.0/specifications/treetop-1.4.15.gemspec
I, [2014-02-24T13:14:36.237338 #30328]  INFO -- : 0:  mail (2.5.4) from /Users/andrewaldaya/.rvm/gems/ruby-2.1.0/specifications/mail-2.5.4.gemspec
I, [2014-02-24T13:14:36.237634 #30328]  INFO -- : 0:  actionmailer (4.0.3) from /Users/andrewaldaya/.rvm/gems/ruby-2.1.0/specifications/actionmailer-4.0.3.gemspec
I, [2014-02-24T13:14:36.237919 #30328]  INFO -- : 0:  activemodel (4.0.3) from /Users/andrewaldaya/.rvm/gems/ruby-2.1.0/specifications/activemodel-4.0.3.gemspec
I, [2014-02-24T13:14:36.238486 #30328]  INFO -- : 0:  activerecord-deprecated_finders (1.0.3) from /Users/andrewaldaya/.rvm/gems/ruby-2.1.0/specifications/activerecord-deprecated_finders-1.0.3.gemspec
I, [2014-02-24T13:14:36.239181 #30328]  INFO -- : 0:  arel (4.0.2) from /Users/andrewaldaya/.rvm/gems/ruby-2.1.0/specifications/arel-4.0.2.gemspec
I, [2014-02-24T13:14:36.239844 #30328]  INFO -- : 0:  activerecord (4.0.3) from /Users/andrewaldaya/.rvm/gems/ruby-2.1.0/specifications/activerecord-4.0.3.gemspec
I, [2014-02-24T13:14:36.240370 #30328]  INFO -- : 0:  bundler (1.5.1) from /Users/andrewaldaya/.rvm/gems/ruby-2.1.0@global/specifications/bundler-1.5.1.gemspec
I, [2014-02-24T13:14:36.240953 #30328]  INFO -- : 0:  mini_portile (0.5.2) from /Users/andrewaldaya/.rvm/gems/ruby-2.1.0/specifications/mini_portile-0.5.2.gemspec
I, [2014-02-24T13:14:36.241592 #30328]  INFO -- : 0:  nokogiri (1.6.1) from /Users/andrewaldaya/.rvm/gems/ruby-2.1.0/specifications/nokogiri-1.6.1.gemspec
I, [2014-02-24T13:14:36.242171 #30328]  INFO -- : 0:  xpath (2.0.0) from /Users/andrewaldaya/.rvm/gems/ruby-2.1.0/specifications/xpath-2.0.0.gemspec
I, [2014-02-24T13:14:36.242658 #30328]  INFO -- : 0:  capybara (2.1.0) from /Users/andrewaldaya/.rvm/gems/ruby-2.1.0/specifications/capybara-2.1.0.gemspec
I, [2014-02-24T13:14:36.243099 #30328]  INFO -- : 0:  ffi (1.9.3) from /Users/andrewaldaya/.rvm/gems/ruby-2.1.0/specifications/ffi-1.9.3.gemspec
I, [2014-02-24T13:14:36.243588 #30328]  INFO -- : 0:  childprocess (0.5.1) from /Users/andrewaldaya/.rvm/gems/ruby-2.1.0/specifications/childprocess-0.5.1.gemspec
I, [2014-02-24T13:14:36.243920 #30328]  INFO -- : 0:  coffee-script-source (1.7.0) from /Users/andrewaldaya/.rvm/gems/ruby-2.1.0/specifications/coffee-script-source-1.7.0.gemspec
I, [2014-02-24T13:14:36.244287 #30328]  INFO -- : 0:  execjs (2.0.2) from /Users/andrewaldaya/.rvm/gems/ruby-2.1.0/specifications/execjs-2.0.2.gemspec
I, [2014-02-24T13:14:36.244659 #30328]  INFO -- : 0:  coffee-script (2.2.0) from /Users/andrewaldaya/.rvm/gems/ruby-2.1.0/specifications/coffee-script-2.2.0.gemspec
I, [2014-02-24T13:14:36.245076 #30328]  INFO -- : 0:  thor (0.18.1) from /Users/andrewaldaya/.rvm/gems/ruby-2.1.0/specifications/thor-0.18.1.gemspec
I, [2014-02-24T13:14:36.245392 #30328]  INFO -- : 0:  railties (4.0.3) from /Users/andrewaldaya/.rvm/gems/ruby-2.1.0/specifications/railties-4.0.3.gemspec
I, [2014-02-24T13:14:36.245726 #30328]  INFO -- : 0:  coffee-rails (4.0.1) from /Users/andrewaldaya/.rvm/gems/ruby-2.1.0/specifications/coffee-rails-4.0.1.gemspec
I, [2014-02-24T13:14:36.246056 #30328]  INFO -- : 0:  diff-lcs (1.2.5) from /Users/andrewaldaya/.rvm/gems/ruby-2.1.0/specifications/diff-lcs-1.2.5.gemspec
I, [2014-02-24T13:14:36.246366 #30328]  INFO -- : 0:  hike (1.2.3) from /Users/andrewaldaya/.rvm/gems/ruby-2.1.0/specifications/hike-1.2.3.gemspec
I, [2014-02-24T13:14:36.246686 #30328]  INFO -- : 0:  jbuilder (1.0.2) from /Users/andrewaldaya/.rvm/gems/ruby-2.1.0/specifications/jbuilder-1.0.2.gemspec
I, [2014-02-24T13:14:36.247008 #30328]  INFO -- : 0:  jquery-rails (3.0.4) from /Users/andrewaldaya/.rvm/gems/ruby-2.1.0/specifications/jquery-rails-3.0.4.gemspec
I, [2014-02-24T13:14:36.247304 #30328]  INFO -- : 0:  json (1.8.1) from /Users/andrewaldaya/.rvm/rubies/ruby-2.1.0/lib/ruby/gems/2.1.0/specifications/default/json-1.8.1.gemspec
I, [2014-02-24T13:14:36.247605 #30328]  INFO -- : 0:  tilt (1.4.1) from /Users/andrewaldaya/.rvm/gems/ruby-2.1.0/specifications/tilt-1.4.1.gemspec
I, [2014-02-24T13:14:36.247908 #30328]  INFO -- : 0:  sprockets (2.11.0) from /Users/andrewaldaya/.rvm/gems/ruby-2.1.0/specifications/sprockets-2.11.0.gemspec
I, [2014-02-24T13:14:36.248348 #30328]  INFO -- : 0:  sprockets-rails (2.0.1) from /Users/andrewaldaya/.rvm/gems/ruby-2.1.0/specifications/sprockets-rails-2.0.1.gemspec
I, [2014-02-24T13:14:36.248673 #30328]  INFO -- : 0:  rails (4.0.3) from /Users/andrewaldaya/.rvm/gems/ruby-2.1.0/specifications/rails-4.0.3.gemspec
I, [2014-02-24T13:14:36.248985 #30328]  INFO -- : 0:  rdoc (3.12.2) from /Users/andrewaldaya/.rvm/gems/ruby-2.1.0/specifications/rdoc-3.12.2.gemspec
I, [2014-02-24T13:14:36.249294 #30328]  INFO -- : 0:  rspec-core (2.13.1) from /Users/andrewaldaya/.rvm/gems/ruby-2.1.0/specifications/rspec-core-2.13.1.gemspec
I, [2014-02-24T13:14:36.249791 #30328]  INFO -- : 0:  rspec-expectations (2.13.0) from /Users/andrewaldaya/.rvm/gems/ruby-2.1.0/specifications/rspec-expectations-2.13.0.gemspec
I, [2014-02-24T13:14:36.250316 #30328]  INFO -- : 0:  rspec-mocks (2.13.1) from /Users/andrewaldaya/.rvm/gems/ruby-2.1.0/specifications/rspec-mocks-2.13.1.gemspec
I, [2014-02-24T13:14:36.250843 #30328]  INFO -- : 0:  rspec-rails (2.13.1) from /Users/andrewaldaya/.rvm/gems/ruby-2.1.0/specifications/rspec-rails-2.13.1.gemspec
I, [2014-02-24T13:14:36.251288 #30328]  INFO -- : 0:  rubyzip (0.9.9) from /Users/andrewaldaya/.rvm/gems/ruby-2.1.0/specifications/rubyzip-0.9.9.gemspec
I, [2014-02-24T13:14:36.251616 #30328]  INFO -- : 0:  sass (3.2.14) from /Users/andrewaldaya/.rvm/gems/ruby-2.1.0/specifications/sass-3.2.14.gemspec
I, [2014-02-24T13:14:36.251921 #30328]  INFO -- : 0:  sass-rails (4.0.1) from /Users/andrewaldaya/.rvm/gems/ruby-2.1.0/specifications/sass-rails-4.0.1.gemspec
I, [2014-02-24T13:14:36.252243 #30328]  INFO -- : 0:  sdoc (0.3.20) from /Users/andrewaldaya/.rvm/gems/ruby-2.1.0/specifications/sdoc-0.3.20.gemspec
I, [2014-02-24T13:14:36.252586 #30328]  INFO -- : 0:  websocket (1.0.7) from /Users/andrewaldaya/.rvm/gems/ruby-2.1.0/specifications/websocket-1.0.7.gemspec
I, [2014-02-24T13:14:36.252876 #30328]  INFO -- : 0:  selenium-webdriver (2.35.1) from /Users/andrewaldaya/.rvm/gems/ruby-2.1.0/specifications/selenium-webdriver-2.35.1.gemspec
I, [2014-02-24T13:14:36.253197 #30328]  INFO -- : 0:  sqlite3 (1.3.8) from /Users/andrewaldaya/.rvm/gems/ruby-2.1.0/specifications/sqlite3-1.3.8.gemspec
I, [2014-02-24T13:14:36.253490 #30328]  INFO -- : 0:  turbolinks (1.1.1) from /Users/andrewaldaya/.rvm/gems/ruby-2.1.0/specifications/turbolinks-1.1.1.gemspec
I, [2014-02-24T13:14:36.253785 #30328]  INFO -- : 0:  uglifier (2.1.1) from /Users/andrewaldaya/.rvm/gems/ruby-2.1.0/specifications/uglifier-2.1.1.gemspec
I, [2014-02-24T13:14:47.869136 #30331]  INFO -- : 0:  rake (10.1.1) from /Users/andrewaldaya/.rvm/gems/ruby-2.1.0/specifications/rake-10.1.1.gemspec
I, [2014-02-24T13:14:47.869564 #30331]  INFO -- : 0:  i18n (0.6.9) from /Users/andrewaldaya/.rvm/gems/ruby-2.1.0/specifications/i18n-0.6.9.gemspec
I, [2014-02-24T13:14:47.869906 #30331]  INFO -- : 0:  minitest (4.7.5) from /Users/andrewaldaya/.rvm/rubies/ruby-2.1.0/lib/ruby/gems/2.1.0/specifications/default/minitest-4.7.5.gemspec
I, [2014-02-24T13:14:47.870237 #30331]  INFO -- : 0:  multi_json (1.8.4) from /Users/andrewaldaya/.rvm/gems/ruby-2.1.0/specifications/multi_json-1.8.4.gemspec
I, [2014-02-24T13:14:47.870552 #30331]  INFO -- : 0:  atomic (1.1.14) from /Users/andrewaldaya/.rvm/gems/ruby-2.1.0/specifications/atomic-1.1.14.gemspec
I, [2014-02-24T13:14:47.870860 #30331]  INFO -- : 0:  thread_safe (0.1.3) from /Users/andrewaldaya/.rvm/gems/ruby-2.1.0/specifications/thread_safe-0.1.3.gemspec
I, [2014-02-24T13:14:47.871176 #30331]  INFO -- : 0:  tzinfo (0.3.38) from /Users/andrewaldaya/.rvm/gems/ruby-2.1.0/specifications/tzinfo-0.3.38.gemspec
I, [2014-02-24T13:14:47.871485 #30331]  INFO -- : 0:  activesupport (4.0.3) from /Users/andrewaldaya/.rvm/gems/ruby-2.1.0/specifications/activesupport-4.0.3.gemspec
I, [2014-02-24T13:14:47.871791 #30331]  INFO -- : 0:  builder (3.1.4) from /Users/andrewaldaya/.rvm/gems/ruby-2.1.0/specifications/builder-3.1.4.gemspec
I, [2014-02-24T13:14:47.872085 #30331]  INFO -- : 0:  erubis (2.7.0) from /Users/andrewaldaya/.rvm/gems/ruby-2.1.0/specifications/erubis-2.7.0.gemspec
I, [2014-02-24T13:14:47.872393 #30331]  INFO -- : 0:  rack (1.5.2) from /Users/andrewaldaya/.rvm/gems/ruby-2.1.0/specifications/rack-1.5.2.gemspec
I, [2014-02-24T13:14:47.872676 #30331]  INFO -- : 0:  rack-test (0.6.2) from /Users/andrewaldaya/.rvm/gems/ruby-2.1.0/specifications/rack-test-0.6.2.gemspec
I, [2014-02-24T13:14:47.872964 #30331]  INFO -- : 0:  actionpack (4.0.3) from /Users/andrewaldaya/.rvm/gems/ruby-2.1.0/specifications/actionpack-4.0.3.gemspec
I, [2014-02-24T13:14:47.873222 #30331]  INFO -- : 0:  mime-types (1.25.1) from /Users/andrewaldaya/.rvm/gems/ruby-2.1.0/specifications/mime-types-1.25.1.gemspec
I, [2014-02-24T13:14:47.873500 #30331]  INFO -- : 0:  polyglot (0.3.4) from /Users/andrewaldaya/.rvm/gems/ruby-2.1.0/specifications/polyglot-0.3.4.gemspec
I, [2014-02-24T13:14:47.873791 #30331]  INFO -- : 0:  treetop (1.4.15) from /Users/andrewaldaya/.rvm/gems/ruby-2.1.0/specifications/treetop-1.4.15.gemspec
I, [2014-02-24T13:14:47.874069 #30331]  INFO -- : 0:  mail (2.5.4) from /Users/andrewaldaya/.rvm/gems/ruby-2.1.0/specifications/mail-2.5.4.gemspec
I, [2014-02-24T13:14:47.874353 #30331]  INFO -- : 0:  actionmailer (4.0.3) from /Users/andrewaldaya/.rvm/gems/ruby-2.1.0/specifications/actionmailer-4.0.3.gemspec
I, [2014-02-24T13:14:47.874655 #30331]  INFO -- : 0:  activemodel (4.0.3) from /Users/andrewaldaya/.rvm/gems/ruby-2.1.0/specifications/activemodel-4.0.3.gemspec
I, [2014-02-24T13:14:47.874947 #30331]  INFO -- : 0:  activerecord-deprecated_finders (1.0.3) from /Users/andrewaldaya/.rvm/gems/ruby-2.1.0/specifications/activerecord-deprecated_finders-1.0.3.gemspec
I, [2014-02-24T13:14:47.875227 #30331]  INFO -- : 0:  arel (4.0.2) from /Users/andrewaldaya/.rvm/gems/ruby-2.1.0/specifications/arel-4.0.2.gemspec
I, [2014-02-24T13:14:47.875537 #30331]  INFO -- : 0:  activerecord (4.0.3) from /Users/andrewaldaya/.rvm/gems/ruby-2.1.0/specifications/activerecord-4.0.3.gemspec
I, [2014-02-24T13:14:47.875813 #30331]  INFO -- : 0:  mini_portile (0.5.2) from /Users/andrewaldaya/.rvm/gems/ruby-2.1.0/specifications/mini_portile-0.5.2.gemspec
I, [2014-02-24T13:14:47.876093 #30331]  INFO -- : 0:  nokogiri (1.6.1) from /Users/andrewaldaya/.rvm/gems/ruby-2.1.0/specifications/nokogiri-1.6.1.gemspec
I, [2014-02-24T13:14:47.876379 #30331]  INFO -- : 0:  xpath (2.0.0) from /Users/andrewaldaya/.rvm/gems/ruby-2.1.0/specifications/xpath-2.0.0.gemspec
I, [2014-02-24T13:14:47.876679 #30331]  INFO -- : 0:  capybara (2.1.0) from /Users/andrewaldaya/.rvm/gems/ruby-2.1.0/specifications/capybara-2.1.0.gemspec
I, [2014-02-24T13:14:47.876963 #30331]  INFO -- : 0:  ffi (1.9.3) from /Users/andrewaldaya/.rvm/gems/ruby-2.1.0/specifications/ffi-1.9.3.gemspec
I, [2014-02-24T13:14:47.877234 #30331]  INFO -- : 0:  childprocess (0.5.1) from /Users/andrewaldaya/.rvm/gems/ruby-2.1.0/specifications/childprocess-0.5.1.gemspec
I, [2014-02-24T13:14:47.877515 #30331]  INFO -- : 0:  coffee-script-source (1.7.0) from /Users/andrewaldaya/.rvm/gems/ruby-2.1.0/specifications/coffee-script-source-1.7.0.gemspec
I, [2014-02-24T13:14:47.877798 #30331]  INFO -- : 0:  execjs (2.0.2) from /Users/andrewaldaya/.rvm/gems/ruby-2.1.0/specifications/execjs-2.0.2.gemspec
I, [2014-02-24T13:14:47.878096 #30331]  INFO -- : 0:  coffee-script (2.2.0) from /Users/andrewaldaya/.rvm/gems/ruby-2.1.0/specifications/coffee-script-2.2.0.gemspec
I, [2014-02-24T13:14:47.878370 #30331]  INFO -- : 0:  thor (0.18.1) from /Users/andrewaldaya/.rvm/gems/ruby-2.1.0/specifications/thor-0.18.1.gemspec
I, [2014-02-24T13:14:47.878647 #30331]  INFO -- : 0:  railties (4.0.3) from /Users/andrewaldaya/.rvm/gems/ruby-2.1.0/specifications/railties-4.0.3.gemspec
I, [2014-02-24T13:14:47.878930 #30331]  INFO -- : 0:  coffee-rails (4.0.1) from /Users/andrewaldaya/.rvm/gems/ruby-2.1.0/specifications/coffee-rails-4.0.1.gemspec
I, [2014-02-24T13:14:47.879198 #30331]  INFO -- : 0:  diff-lcs (1.2.5) from /Users/andrewaldaya/.rvm/gems/ruby-2.1.0/specifications/diff-lcs-1.2.5.gemspec
I, [2014-02-24T13:14:47.879470 #30331]  INFO -- : 0:  hike (1.2.3) from /Users/andrewaldaya/.rvm/gems/ruby-2.1.0/specifications/hike-1.2.3.gemspec
I, [2014-02-24T13:14:47.879763 #30331]  INFO -- : 0:  jbuilder (1.0.2) from /Users/andrewaldaya/.rvm/gems/ruby-2.1.0/specifications/jbuilder-1.0.2.gemspec
I, [2014-02-24T13:14:47.880045 #30331]  INFO -- : 0:  jquery-rails (3.0.4) from /Users/andrewaldaya/.rvm/gems/ruby-2.1.0/specifications/jquery-rails-3.0.4.gemspec
I, [2014-02-24T13:14:47.880311 #30331]  INFO -- : 0:  json (1.8.1) from /Users/andrewaldaya/.rvm/rubies/ruby-2.1.0/lib/ruby/gems/2.1.0/specifications/default/json-1.8.1.gemspec
I, [2014-02-24T13:14:47.880597 #30331]  INFO -- : 0:  bundler (1.5.1) from /Users/andrewaldaya/.rvm/gems/ruby-2.1.0@global/specifications/bundler-1.5.1.gemspec
I, [2014-02-24T13:14:47.880876 #30331]  INFO -- : 0:  tilt (1.4.1) from /Users/andrewaldaya/.rvm/gems/ruby-2.1.0/specifications/tilt-1.4.1.gemspec
I, [2014-02-24T13:14:47.881154 #30331]  INFO -- : 0:  sprockets (2.11.0) from /Users/andrewaldaya/.rvm/gems/ruby-2.1.0/specifications/sprockets-2.11.0.gemspec
I, [2014-02-24T13:14:47.881431 #30331]  INFO -- : 0:  sprockets-rails (2.0.1) from /Users/andrewaldaya/.rvm/gems/ruby-2.1.0/specifications/sprockets-rails-2.0.1.gemspec
I, [2014-02-24T13:14:47.881741 #30331]  INFO -- : 0:  rails (4.0.3) from /Users/andrewaldaya/.rvm/gems/ruby-2.1.0/specifications/rails-4.0.3.gemspec
I, [2014-02-24T13:14:47.882015 #30331]  INFO -- : 0:  rdoc (3.12.2) from /Users/andrewaldaya/.rvm/gems/ruby-2.1.0/specifications/rdoc-3.12.2.gemspec
I, [2014-02-24T13:14:47.882297 #30331]  INFO -- : 0:  rspec-core (2.13.1) from /Users/andrewaldaya/.rvm/gems/ruby-2.1.0/specifications/rspec-core-2.13.1.gemspec
I, [2014-02-24T13:14:47.882597 #30331]  INFO -- : 0:  rspec-expectations (2.13.0) from /Users/andrewaldaya/.rvm/gems/ruby-2.1.0/specifications/rspec-expectations-2.13.0.gemspec
I, [2014-02-24T13:14:47.882888 #30331]  INFO -- : 0:  rspec-mocks (2.13.1) from /Users/andrewaldaya/.rvm/gems/ruby-2.1.0/specifications/rspec-mocks-2.13.1.gemspec
I, [2014-02-24T13:14:47.883159 #30331]  INFO -- : 0:  rspec-rails (2.13.1) from /Users/andrewaldaya/.rvm/gems/ruby-2.1.0/specifications/rspec-rails-2.13.1.gemspec
I, [2014-02-24T13:14:47.883461 #30331]  INFO -- : 0:  rubyzip (0.9.9) from /Users/andrewaldaya/.rvm/gems/ruby-2.1.0/specifications/rubyzip-0.9.9.gemspec
I, [2014-02-24T13:14:47.883738 #30331]  INFO -- : 0:  sass (3.2.14) from /Users/andrewaldaya/.rvm/gems/ruby-2.1.0/specifications/sass-3.2.14.gemspec
I, [2014-02-24T13:14:47.884005 #30331]  INFO -- : 0:  sass-rails (4.0.1) from /Users/andrewaldaya/.rvm/gems/ruby-2.1.0/specifications/sass-rails-4.0.1.gemspec
I, [2014-02-24T13:14:47.884296 #30331]  INFO -- : 0:  sdoc (0.3.20) from /Users/andrewaldaya/.rvm/gems/ruby-2.1.0/specifications/sdoc-0.3.20.gemspec
I, [2014-02-24T13:14:47.884578 #30331]  INFO -- : 0:  websocket (1.0.7) from /Users/andrewaldaya/.rvm/gems/ruby-2.1.0/specifications/websocket-1.0.7.gemspec
I, [2014-02-24T13:14:47.884869 #30331]  INFO -- : 0:  selenium-webdriver (2.35.1) from /Users/andrewaldaya/.rvm/gems/ruby-2.1.0/specifications/selenium-webdriver-2.35.1.gemspec
I, [2014-02-24T13:14:47.885155 #30331]  INFO -- : 0:  sqlite3 (1.3.8) from /Users/andrewaldaya/.rvm/gems/ruby-2.1.0/specifications/sqlite3-1.3.8.gemspec
I, [2014-02-24T13:14:47.885445 #30331]  INFO -- : 0:  turbolinks (1.1.1) from /Users/andrewaldaya/.rvm/gems/ruby-2.1.0/specifications/turbolinks-1.1.1.gemspec
I, [2014-02-24T13:14:47.885719 #30331]  INFO -- : 0:  uglifier (2.1.1) from /Users/andrewaldaya/.rvm/gems/ruby-2.1.0/specifications/uglifier-2.1.1.gemspec
I, [2014-02-24T13:17:45.198333 #30415]  INFO -- : 0:  rake (10.1.1) from /Users/andrewaldaya/.rvm/gems/ruby-2.1.0@railstutorial_rails_4_0/specifications/rake-10.1.1.gemspec
I, [2014-02-24T13:17:45.198757 #30415]  INFO -- : 0:  i18n (0.6.9) from /Users/andrewaldaya/.rvm/gems/ruby-2.1.0@railstutorial_rails_4_0/specifications/i18n-0.6.9.gemspec
I, [2014-02-24T13:17:45.199137 #30415]  INFO -- : 0:  minitest (4.7.5) from /Users/andrewaldaya/.rvm/rubies/ruby-2.1.0/lib/ruby/gems/2.1.0/specifications/default/minitest-4.7.5.gemspec
I, [2014-02-24T13:17:45.199486 #30415]  INFO -- : 0:  multi_json (1.8.4) from /Users/andrewaldaya/.rvm/gems/ruby-2.1.0@railstutorial_rails_4_0/specifications/multi_json-1.8.4.gemspec
I, [2014-02-24T13:17:45.199827 #30415]  INFO -- : 0:  atomic (1.1.14) from /Users/andrewaldaya/.rvm/gems/ruby-2.1.0@railstutorial_rails_4_0/specifications/atomic-1.1.14.gemspec
I, [2014-02-24T13:17:45.200129 #30415]  INFO -- : 0:  thread_safe (0.1.3) from /Users/andrewaldaya/.rvm/gems/ruby-2.1.0@railstutorial_rails_4_0/specifications/thread_safe-0.1.3.gemspec
I, [2014-02-24T13:17:45.200469 #30415]  INFO -- : 0:  tzinfo (0.3.38) from /Users/andrewaldaya/.rvm/gems/ruby-2.1.0@railstutorial_rails_4_0/specifications/tzinfo-0.3.38.gemspec
I, [2014-02-24T13:17:45.200801 #30415]  INFO -- : 0:  activesupport (4.0.3) from /Users/andrewaldaya/.rvm/gems/ruby-2.1.0@railstutorial_rails_4_0/specifications/activesupport-4.0.3.gemspec
I, [2014-02-24T13:17:45.201137 #30415]  INFO -- : 0:  builder (3.1.4) from /Users/andrewaldaya/.rvm/gems/ruby-2.1.0@railstutorial_rails_4_0/specifications/builder-3.1.4.gemspec
I, [2014-02-24T13:17:45.201469 #30415]  INFO -- : 0:  erubis (2.7.0) from /Users/andrewaldaya/.rvm/gems/ruby-2.1.0@railstutorial_rails_4_0/specifications/erubis-2.7.0.gemspec
I, [2014-02-24T13:17:45.201795 #30415]  INFO -- : 0:  rack (1.5.2) from /Users/andrewaldaya/.rvm/gems/ruby-2.1.0@railstutorial_rails_4_0/specifications/rack-1.5.2.gemspec
I, [2014-02-24T13:17:45.202128 #30415]  INFO -- : 0:  rack-test (0.6.2) from /Users/andrewaldaya/.rvm/gems/ruby-2.1.0@railstutorial_rails_4_0/specifications/rack-test-0.6.2.gemspec
I, [2014-02-24T13:17:45.202456 #30415]  INFO -- : 0:  actionpack (4.0.3) from /Users/andrewaldaya/.rvm/gems/ruby-2.1.0@railstutorial_rails_4_0/specifications/actionpack-4.0.3.gemspec
I, [2014-02-24T13:17:45.202799 #30415]  INFO -- : 0:  mime-types (1.25.1) from /Users/andrewaldaya/.rvm/gems/ruby-2.1.0@railstutorial_rails_4_0/specifications/mime-types-1.25.1.gemspec
I, [2014-02-24T13:17:45.203134 #30415]  INFO -- : 0:  polyglot (0.3.4) from /Users/andrewaldaya/.rvm/gems/ruby-2.1.0@railstutorial_rails_4_0/specifications/polyglot-0.3.4.gemspec
I, [2014-02-24T13:17:45.203460 #30415]  INFO -- : 0:  treetop (1.4.15) from /Users/andrewaldaya/.rvm/gems/ruby-2.1.0@railstutorial_rails_4_0/specifications/treetop-1.4.15.gemspec
I, [2014-02-24T13:17:45.203831 #30415]  INFO -- : 0:  mail (2.5.4) from /Users/andrewaldaya/.rvm/gems/ruby-2.1.0@railstutorial_rails_4_0/specifications/mail-2.5.4.gemspec
I, [2014-02-24T13:17:45.204170 #30415]  INFO -- : 0:  actionmailer (4.0.3) from /Users/andrewaldaya/.rvm/gems/ruby-2.1.0@railstutorial_rails_4_0/specifications/actionmailer-4.0.3.gemspec
I, [2014-02-24T13:17:45.204498 #30415]  INFO -- : 0:  activemodel (4.0.3) from /Users/andrewaldaya/.rvm/gems/ruby-2.1.0@railstutorial_rails_4_0/specifications/activemodel-4.0.3.gemspec
I, [2014-02-24T13:17:45.204827 #30415]  INFO -- : 0:  activerecord-deprecated_finders (1.0.3) from /Users/andrewaldaya/.rvm/gems/ruby-2.1.0@railstutorial_rails_4_0/specifications/activerecord-deprecated_finders-1.0.3.gemspec
I, [2014-02-24T13:17:45.205157 #30415]  INFO -- : 0:  arel (4.0.2) from /Users/andrewaldaya/.rvm/gems/ruby-2.1.0@railstutorial_rails_4_0/specifications/arel-4.0.2.gemspec
I, [2014-02-24T13:17:45.205483 #30415]  INFO -- : 0:  activerecord (4.0.3) from /Users/andrewaldaya/.rvm/gems/ruby-2.1.0@railstutorial_rails_4_0/specifications/activerecord-4.0.3.gemspec
I, [2014-02-24T13:17:47.443618 #30415]  INFO -- : 0:  mini_portile (0.5.2) from /Users/andrewaldaya/.rvm/gems/ruby-2.1.0@railstutorial_rails_4_0/specifications/mini_portile-0.5.2.gemspec
I, [2014-02-24T13:19:23.548176 #30415]  INFO -- : 0:  nokogiri (1.6.1) from /Users/andrewaldaya/.rvm/gems/ruby-2.1.0@railstutorial_rails_4_0/specifications/nokogiri-1.6.1.gemspec
I, [2014-02-24T13:19:25.535647 #30415]  INFO -- : 0:  xpath (2.0.0) from /Users/andrewaldaya/.rvm/gems/ruby-2.1.0@railstutorial_rails_4_0/specifications/xpath-2.0.0.gemspec
I, [2014-02-24T13:19:27.134084 #30415]  INFO -- : 0:  capybara (2.1.0) from /Users/andrewaldaya/.rvm/gems/ruby-2.1.0@railstutorial_rails_4_0/specifications/capybara-2.1.0.gemspec
I, [2014-02-24T13:19:42.897797 #30415]  INFO -- : 0:  ffi (1.9.3) from /Users/andrewaldaya/.rvm/gems/ruby-2.1.0@railstutorial_rails_4_0/specifications/ffi-1.9.3.gemspec
I, [2014-02-24T13:19:44.069425 #30415]  INFO -- : 0:  childprocess (0.5.1) from /Users/andrewaldaya/.rvm/gems/ruby-2.1.0@railstutorial_rails_4_0/specifications/childprocess-0.5.1.gemspec
I, [2014-02-24T13:19:44.069986 #30415]  INFO -- : 0:  coffee-script-source (1.7.0) from /Users/andrewaldaya/.rvm/gems/ruby-2.1.0@railstutorial_rails_4_0/specifications/coffee-script-source-1.7.0.gemspec
I, [2014-02-24T13:19:44.070407 #30415]  INFO -- : 0:  execjs (2.0.2) from /Users/andrewaldaya/.rvm/gems/ruby-2.1.0@railstutorial_rails_4_0/specifications/execjs-2.0.2.gemspec
I, [2014-02-24T13:19:44.070792 #30415]  INFO -- : 0:  coffee-script (2.2.0) from /Users/andrewaldaya/.rvm/gems/ruby-2.1.0@railstutorial_rails_4_0/specifications/coffee-script-2.2.0.gemspec
I, [2014-02-24T13:19:44.071231 #30415]  INFO -- : 0:  thor (0.18.1) from /Users/andrewaldaya/.rvm/gems/ruby-2.1.0@railstutorial_rails_4_0/specifications/thor-0.18.1.gemspec
I, [2014-02-24T13:19:44.071603 #30415]  INFO -- : 0:  railties (4.0.3) from /Users/andrewaldaya/.rvm/gems/ruby-2.1.0@railstutorial_rails_4_0/specifications/railties-4.0.3.gemspec
I, [2014-02-24T13:19:44.071972 #30415]  INFO -- : 0:  coffee-rails (4.0.1) from /Users/andrewaldaya/.rvm/gems/ruby-2.1.0@railstutorial_rails_4_0/specifications/coffee-rails-4.0.1.gemspec
I, [2014-02-24T13:19:44.861841 #30415]  INFO -- : 0:  diff-lcs (1.2.5) from /Users/andrewaldaya/.rvm/gems/ruby-2.1.0@railstutorial_rails_4_0/specifications/diff-lcs-1.2.5.gemspec
I, [2014-02-24T13:19:44.862339 #30415]  INFO -- : 0:  hike (1.2.3) from /Users/andrewaldaya/.rvm/gems/ruby-2.1.0@railstutorial_rails_4_0/specifications/hike-1.2.3.gemspec
I, [2014-02-24T13:19:44.862713 #30415]  INFO -- : 0:  jbuilder (1.0.2) from /Users/andrewaldaya/.rvm/gems/ruby-2.1.0@railstutorial_rails_4_0/specifications/jbuilder-1.0.2.gemspec
I, [2014-02-24T13:19:44.863072 #30415]  INFO -- : 0:  jquery-rails (3.0.4) from /Users/andrewaldaya/.rvm/gems/ruby-2.1.0@railstutorial_rails_4_0/specifications/jquery-rails-3.0.4.gemspec
I, [2014-02-24T13:19:44.863420 #30415]  INFO -- : 0:  json (1.8.1) from /Users/andrewaldaya/.rvm/rubies/ruby-2.1.0/lib/ruby/gems/2.1.0/specifications/default/json-1.8.1.gemspec
I, [2014-02-24T13:19:44.864836 #30415]  INFO -- : 0:  bundler (1.5.1) from /Users/andrewaldaya/.rvm/gems/ruby-2.1.0@global/specifications/bundler-1.5.1.gemspec
I, [2014-02-24T13:19:44.865223 #30415]  INFO -- : 0:  tilt (1.4.1) from /Users/andrewaldaya/.rvm/gems/ruby-2.1.0@railstutorial_rails_4_0/specifications/tilt-1.4.1.gemspec
I, [2014-02-24T13:19:44.865586 #30415]  INFO -- : 0:  sprockets (2.11.0) from /Users/andrewaldaya/.rvm/gems/ruby-2.1.0@railstutorial_rails_4_0/specifications/sprockets-2.11.0.gemspec
I, [2014-02-24T13:19:44.865973 #30415]  INFO -- : 0:  sprockets-rails (2.0.1) from /Users/andrewaldaya/.rvm/gems/ruby-2.1.0@railstutorial_rails_4_0/specifications/sprockets-rails-2.0.1.gemspec
I, [2014-02-24T13:19:44.866336 #30415]  INFO -- : 0:  rails (4.0.3) from /Users/andrewaldaya/.rvm/gems/ruby-2.1.0@railstutorial_rails_4_0/specifications/rails-4.0.3.gemspec
I, [2014-02-24T13:19:44.866712 #30415]  INFO -- : 0:  rdoc (3.12.2) from /Users/andrewaldaya/.rvm/gems/ruby-2.1.0@railstutorial_rails_4_0/specifications/rdoc-3.12.2.gemspec
I, [2014-02-24T13:19:45.709087 #30415]  INFO -- : 0:  rspec-core (2.13.1) from /Users/andrewaldaya/.rvm/gems/ruby-2.1.0@railstutorial_rails_4_0/specifications/rspec-core-2.13.1.gemspec
I, [2014-02-24T13:20:00.171721 #30415]  INFO -- : 0:  rspec-expectations (2.13.0) from /Users/andrewaldaya/.rvm/gems/ruby-2.1.0@railstutorial_rails_4_0/specifications/rspec-expectations-2.13.0.gemspec
I, [2014-02-24T13:20:01.604715 #30415]  INFO -- : 0:  rspec-mocks (2.13.1) from /Users/andrewaldaya/.rvm/gems/ruby-2.1.0@railstutorial_rails_4_0/specifications/rspec-mocks-2.13.1.gemspec
I, [2014-02-24T13:20:03.139929 #30415]  INFO -- : 0:  rspec-rails (2.13.1) from /Users/andrewaldaya/.rvm/gems/ruby-2.1.0@railstutorial_rails_4_0/specifications/rspec-rails-2.13.1.gemspec
I, [2014-02-24T13:20:04.007553 #30415]  INFO -- : 0:  rubyzip (0.9.9) from /Users/andrewaldaya/.rvm/gems/ruby-2.1.0@railstutorial_rails_4_0/specifications/rubyzip-0.9.9.gemspec
I, [2014-02-24T13:20:04.008374 #30415]  INFO -- : 0:  sass (3.2.14) from /Users/andrewaldaya/.rvm/gems/ruby-2.1.0@railstutorial_rails_4_0/specifications/sass-3.2.14.gemspec
I, [2014-02-24T13:20:04.008858 #30415]  INFO -- : 0:  sass-rails (4.0.1) from /Users/andrewaldaya/.rvm/gems/ruby-2.1.0@railstutorial_rails_4_0/specifications/sass-rails-4.0.1.gemspec
I, [2014-02-24T13:20:04.009272 #30415]  INFO -- : 0:  sdoc (0.3.20) from /Users/andrewaldaya/.rvm/gems/ruby-2.1.0@railstutorial_rails_4_0/specifications/sdoc-0.3.20.gemspec
I, [2014-02-24T13:20:04.861222 #30415]  INFO -- : 0:  websocket (1.0.7) from /Users/andrewaldaya/.rvm/gems/ruby-2.1.0@railstutorial_rails_4_0/specifications/websocket-1.0.7.gemspec
I, [2014-02-24T13:20:09.815064 #30415]  INFO -- : 0:  selenium-webdriver (2.35.1) from /Users/andrewaldaya/.rvm/gems/ruby-2.1.0@railstutorial_rails_4_0/specifications/selenium-webdriver-2.35.1.gemspec
I, [2014-02-24T13:20:09.815722 #30415]  INFO -- : 0:  sqlite3 (1.3.8) from /Users/andrewaldaya/.rvm/gems/ruby-2.1.0@railstutorial_rails_4_0/specifications/sqlite3-1.3.8.gemspec
I, [2014-02-24T13:20:09.816231 #30415]  INFO -- : 0:  turbolinks (1.1.1) from /Users/andrewaldaya/.rvm/gems/ruby-2.1.0@railstutorial_rails_4_0/specifications/turbolinks-1.1.1.gemspec
I, [2014-02-24T13:20:09.816724 #30415]  INFO -- : 0:  uglifier (2.1.1) from /Users/andrewaldaya/.rvm/gems/ruby-2.1.0@railstutorial_rails_4_0/specifications/uglifier-2.1.1.gemspec
